0 info it worked if it ends with ok
1 verbose cli [ 'C:\\Program Files\\nodejs\\node.exe',
1 verbose cli   'C:\\Program Files\\nodejs\\node_modules\\npm\\bin\\npm-cli.js',
1 verbose cli   'run',
1 verbose cli   'dev' ]
2 info using npm@3.10.10
3 info using node@v6.10.0
4 verbose run-script [ 'predev', 'dev', 'postdev' ]
5 info lifecycle reactapp@1.0.0~predev: reactapp@1.0.0
6 silly lifecycle reactapp@1.0.0~predev: no script for predev, continuing
7 info lifecycle reactapp@1.0.0~dev: reactapp@1.0.0
8 verbose lifecycle reactapp@1.0.0~dev: unsafe-perm in lifecycle true
9 verbose lifecycle reactapp@1.0.0~dev: PATH: C:\Program Files\nodejs\node_modules\npm\bin\node-gyp-bin;C:\Users\olva0217\IdeaProjects\React\react-movie\node_modules\.bin;C:\ProgramData\Oracle\Java\javapath;C:\oracle\product\11.2.0\client_1;C:\oracle\product\10.2.0\client_1;C:\Program Files (x86)\Intel\iCLS Client\;C:\Program Files\Intel\iCLS Client\;C:\Windows\system32;C:\Windows;C:\Windows\System32\Wbem;C:\Windows\System32\WindowsPowerShell\v1.0\;C:\Program Files (x86)\Intel\OpenCL SDK\2.0\bin\x86;C:\Program Files (x86)\Intel\OpenCL SDK\2.0\bin\x64;C:\Program Files\Intel\Intel(R) Management Engine Components\DAL;C:\Program Files\Intel\Intel(R) Management Engine Components\IPT;C:\Program Files (x86)\Intel\Intel(R) Management Engine Components\DAL;C:\Program Files (x86)\Intel\Intel(R) Management Engine Components\IPT;C:\Program Files\Git\cmd;C:\Program Files\nodejs\;C:\Program Files\TortoiseSVN\bin;C:\maven\bin;C:\Program Files (x86)\Brackets\command;C:\Program Files (x86)\Sennheiser\SoftphoneSDK\;C:\Program Files (x86)\Skype\Phone\;C:\Program Files\Java\jre7\bin;C:\Ruby23-x64\bin;C:\Users\olva0217\AppData\Roaming\npm;C:\Users\olva0217\AppData\Local\atom\bin;C:\Users\olva0217\AppData\Local\.meteor\;C:\Program Files\Docker Toolbox
10 verbose lifecycle reactapp@1.0.0~dev: CWD: C:\Users\olva0217\IdeaProjects\React\react-movie
11 silly lifecycle reactapp@1.0.0~dev: Args: [ '/d /s /c', 'NODE_ENV=development webpack-dev-server' ]
12 verbose stack Error: kill ENOSYS
12 verbose stack     at exports._errnoException (util.js:1022:11)
12 verbose stack     at process.kill (internal/process.js:172:13)
12 verbose stack     at process.listener (C:\Program Files\nodejs\node_modules\npm\node_modules\npmlog\node_modules\gauge\node_modules\signal-exit\index.js:86:15)
12 verbose stack     at emitNone (events.js:91:20)
12 verbose stack     at process.emit (events.js:185:7)
12 verbose stack     at processEmit (C:\Program Files\nodejs\node_modules\npm\node_modules\npmlog\node_modules\gauge\node_modules\signal-exit\index.js:146:32)
12 verbose stack     at processEmit (C:\Program Files\nodejs\node_modules\npm\node_modules\npm-registry-client\node_modules\npmlog\node_modules\gauge\node_modules\signal-exit\index.js:146:32)
12 verbose stack     at Signal.wrap.onsignal (internal/process.js:199:44)
13 verbose cwd C:\Users\olva0217\IdeaProjects\React\react-movie
14 error Windows_NT 6.1.7601
15 error argv "C:\\Program Files\\nodejs\\node.exe" "C:\\Program Files\\nodejs\\node_modules\\npm\\bin\\npm-cli.js" "run" "dev"
16 error node v6.10.0
17 error npm  v3.10.10
18 error code ENOSYS
19 error errno ENOSYS
20 error syscall kill
21 error kill ENOSYS
22 error If you need help, you may report this error at:
22 error     <https://github.com/npm/npm/issues>
23 verbose exit [ 1, true ]
